# JRE version: OpenJDK Runtime Environment (11.0.10) (build 11.0.10+0-b96-7249189)
# Java VM: OpenJDK 64-Bit Server VM (11.0.10+0-b96-7249189, mixed mode, tiered, compressed oops, g1 gc, windows-amd64)
Heap:
 garbage-first heap   total 1025024K, used 254822K [0x0000000080000000, 0x0000000100000000)
  region size 1024K, 16 young (16384K), 16 survivors (16384K)
 Metaspace       used 147091K, capacity 151598K, committed 151884K, reserved 1181696K
  class space    used 18275K, capacity 19948K, committed 20044K, reserved 1048576K
GC Heap History (20 events):
Event: 71.693 GC heap after
{Heap after GC invocations=67 (full 0):
 garbage-first heap   total 273408K, used 219583K [0x0000000080000000, 0x0000000100000000)
  region size 1024K, 3 young (3072K), 3 survivors (3072K)
 Metaspace       used 141666K, capacity 145971K, committed 146124K, reserved 1175552K
  class space    used 17507K, capacity 19052K, committed 19148K, reserved 1048576K
}
Event: 71.747 GC heap before
{Heap before GC invocations=67 (full 0):
 garbage-first heap   total 273408K, used 231871K [0x0000000080000000, 0x0000000100000000)
  region size 1024K, 20 young (20480K), 3 survivors (3072K)
 Metaspace       used 141595K, capacity 145690K, committed 146380K, reserved 1177600K
  class space    used 17473K, capacity 18947K, committed 19148K, reserved 1048576K
}
Event: 71.754 GC heap after
{Heap after GC invocations=68 (full 0):
 garbage-first heap   total 273408K, used 217886K [0x0000000080000000, 0x0000000100000000)
  region size 1024K, 3 young (3072K), 3 survivors (3072K)
 Metaspace       used 141595K, capacity 145690K, committed 146380K, reserved 1177600K
  class space    used 17473K, capacity 18947K, committed 19148K, reserved 1048576K
}
Event: 71.773 GC heap before
{Heap before GC invocations=68 (full 0):
 garbage-first heap   total 273408K, used 234270K [0x0000000080000000, 0x0000000100000000)
  region size 1024K, 20 young (20480K), 3 survivors (3072K)
 Metaspace       used 141624K, capacity 145692K, committed 146380K, reserved 1177600K
  class space    used 17481K, capacity 18948K, committed 19148K, reserved 1048576K
}
Event: 71.783 GC heap after
{Heap after GC invocations=69 (full 0):
 garbage-first heap   total 273408K, used 221128K [0x0000000080000000, 0x0000000100000000)
  region size 1024K, 3 young (3072K), 3 survivors (3072K)
 Metaspace       used 141624K, capacity 145692K, committed 146380K, reserved 1177600K
  class space    used 17481K, capacity 18948K, committed 19148K, reserved 1048576K
}
Event: 71.822 GC heap before
{Heap before GC invocations=69 (full 0):
 garbage-first heap   total 273408K, used 237512K [0x0000000080000000, 0x0000000100000000)
  region size 1024K, 19 young (19456K), 3 survivors (3072K)
 Metaspace       used 141827K, capacity 145925K, committed 146380K, reserved 1177600K
  class space    used 17517K, capacity 18983K, committed 19148K, reserved 1048576K
}
Event: 71.831 GC heap after
{Heap after GC invocations=70 (full 0):
 garbage-first heap   total 273408K, used 224256K [0x0000000080000000, 0x0000000100000000)
  region size 1024K, 3 young (3072K), 3 survivors (3072K)
 Metaspace       used 141827K, capacity 145925K, committed 146380K, reserved 1177600K
  class space    used 17517K, capacity 18983K, committed 19148K, reserved 1048576K
}
Event: 71.879 GC heap before
{Heap before GC invocations=70 (full 0):
 garbage-first heap   total 273408K, used 238592K [0x0000000080000000, 0x0000000100000000)
  region size 1024K, 17 young (17408K), 3 survivors (3072K)
 Metaspace       used 142355K, capacity 146457K, committed 147020K, reserved 1177600K
  class space    used 17602K, capacity 19075K, committed 19276K, reserved 1048576K
}
Event: 71.887 GC heap after
{Heap after GC invocations=71 (full 0):
 garbage-first heap   total 273408K, used 226379K [0x0000000080000000, 0x0000000100000000)
  region size 1024K, 3 young (3072K), 3 survivors (3072K)
 Metaspace       used 142355K, capacity 146457K, committed 147020K, reserved 1177600K
  class space    used 17602K, capacity 19075K, committed 19276K, reserved 1048576K
}
Event: 71.931 GC heap before
{Heap before GC invocations=72 (full 0):
 garbage-first heap   total 273408K, used 238667K [0x0000000080000000, 0x0000000100000000)
  region size 1024K, 15 young (15360K), 3 survivors (3072K)
 Metaspace       used 142891K, capacity 147074K, committed 147276K, reserved 1177600K
  class space    used 17692K, capacity 19199K, committed 19276K, reserved 1048576K
}
Event: 71.938 GC heap after
{Heap after GC invocations=73 (full 0):
 garbage-first heap   total 273408K, used 228425K [0x0000000080000000, 0x0000000100000000)
  region size 1024K, 2 young (2048K), 2 survivors (2048K)
 Metaspace       used 142891K, capacity 147074K, committed 147276K, reserved 1177600K
  class space    used 17692K, capacity 19199K, committed 19276K, reserved 1048576K
}
Event: 71.970 GC heap before
{Heap before GC invocations=73 (full 0):
 garbage-first heap   total 273408K, used 239689K [0x0000000080000000, 0x0000000100000000)
  region size 1024K, 13 young (13312K), 2 survivors (2048K)
 Metaspace       used 143306K, capacity 147488K, committed 147660K, reserved 1177600K
  class space    used 17771K, capacity 19294K, committed 19404K, reserved 1048576K
}
Event: 71.998 GC heap after
{Heap after GC invocations=74 (full 0):
 garbage-first heap   total 546816K, used 214915K [0x0000000080000000, 0x0000000100000000)
  region size 1024K, 2 young (2048K), 2 survivors (2048K)
 Metaspace       used 143306K, capacity 147488K, committed 147660K, reserved 1177600K
  class space    used 17771K, capacity 19294K, committed 19404K, reserved 1048576K
}
Event: 72.450 GC heap before
{Heap before GC invocations=74 (full 0):
 garbage-first heap   total 546816K, used 339843K [0x0000000080000000, 0x0000000100000000)
  region size 1024K, 124 young (126976K), 2 survivors (2048K)
 Metaspace       used 146001K, capacity 150427K, committed 150732K, reserved 1179648K
  class space    used 18151K, capacity 19794K, committed 19916K, reserved 1048576K
}
Event: 72.463 GC heap after
{Heap after GC invocations=75 (full 0):
 garbage-first heap   total 546816K, used 221848K [0x0000000080000000, 0x0000000100000000)
  region size 1024K, 9 young (9216K), 9 survivors (9216K)
 Metaspace       used 146001K, capacity 150427K, committed 150732K, reserved 1179648K
  class space    used 18151K, capacity 19794K, committed 19916K, reserved 1048576K
}
Event: 72.882 GC heap before
{Heap before GC invocations=75 (full 0):
 garbage-first heap   total 546816K, used 366232K [0x0000000080000000, 0x0000000100000000)
  region size 1024K, 151 young (154624K), 9 survivors (9216K)
 Metaspace       used 146417K, capacity 150817K, committed 150988K, reserved 1179648K
  class space    used 18198K, capacity 19839K, committed 19916K, reserved 1048576K
}
Event: 72.898 GC heap after
{Heap after GC invocations=76 (full 0):
 garbage-first heap   total 546816K, used 234325K [0x0000000080000000, 0x0000000100000000)
  region size 1024K, 19 young (19456K), 19 survivors (19456K)
 Metaspace       used 146417K, capacity 150817K, committed 150988K, reserved 1179648K
  class space    used 18198K, capacity 19839K, committed 19916K, reserved 1048576K
}
Event: 73.594 GC heap before
{Heap before GC invocations=76 (full 0):
 garbage-first heap   total 546816K, used 400213K [0x0000000080000000, 0x0000000100000000)
  region size 1024K, 182 young (186368K), 19 survivors (19456K)
 Metaspace       used 146775K, capacity 151227K, committed 151500K, reserved 1181696K
  class space    used 18222K, capacity 19867K, committed 19916K, reserved 1048576K
}
Event: 73.628 GC heap after
{Heap after GC invocations=77 (full 0):
 garbage-first heap   total 546816K, used 244920K [0x0000000080000000, 0x0000000100000000)
  region size 1024K, 14 young (14336K), 14 survivors (14336K)
 Metaspace       used 146775K, capacity 151227K, committed 151500K, reserved 1181696K
  class space    used 18222K, capacity 19867K, committed 19916K, reserved 1048576K
}
Event: 74.278 GC heap before
{Heap before GC invocations=77 (full 0):
 garbage-first heap   total 546816K, used 412856K [0x0000000080000000, 0x0000000100000000)
  region size 1024K, 178 young (182272K), 14 survivors (14336K)
 Metaspace       used 147091K, capacity 151598K, committed 151884K, reserved 1181696K
  class space    used 18275K, capacity 19948K, committed 20044K, reserved 1048576K
}

